# JRE version: OpenJDK Runtime Environment (17.0.6) (build 17.0.6+0-b2043.56-9586694)
# Java VM: OpenJDK 64-Bit Server VM (17.0.6+0-b2043.56-9586694, mixed mode, tiered, compressed oops, compressed class ptrs, g1 gc, windows-amd64)
GC Precious Log:
 CPUs: 16 total, 16 available
 Memory: 32702M
 Large Page Support: Disabled
 NUMA Support: Disabled
 Compressed Oops: Enabled (32-bit)
 Heap Region Size: 1M
 Heap Min Capacity: 8M
 Heap Initial Capacity: 512M
 Heap Max Capacity: 2G
 Pre-touch: Disabled
 Parallel Workers: 13
 Concurrent Workers: 3
 Concurrent Refinement Workers: 13
 Periodic GC: Disabled
Heap:
 garbage-first heap   total 296960K, used 189036K [0x0000000080000000, 0x0000000100000000)
  region size 1024K, 130 young (133120K), 2 survivors (2048K)
 Metaspace       used 74135K, committed 74752K, reserved 1114112K
  class space    used 9652K, committed 9920K, reserved 1048576K
GC Heap History (20 events):
Event: 5.660 GC heap before
{Heap before GC invocations=9 (full 0):
 garbage-first heap   total 65536K, used 47590K [0x0000000080000000, 0x0000000100000000)
  region size 1024K, 26 young (26624K), 3 survivors (3072K)
 Metaspace       used 40611K, committed 40896K, reserved 1089536K
  class space    used 5365K, committed 5504K, reserved 1048576K
}
Event: 5.662 GC heap after
{Heap after GC invocations=10 (full 0):
 garbage-first heap   total 65536K, used 28065K [0x0000000080000000, 0x0000000100000000)
  region size 1024K, 4 young (4096K), 4 survivors (4096K)
 Metaspace       used 40611K, committed 40896K, reserved 1089536K
  class space    used 5365K, committed 5504K, reserved 1048576K
}
Event: 5.868 GC heap before
{Heap before GC invocations=10 (full 0):
 garbage-first heap   total 65536K, used 50593K [0x0000000080000000, 0x0000000100000000)
  region size 1024K, 24 young (24576K), 4 survivors (4096K)
 Metaspace       used 42594K, committed 42944K, reserved 1089536K
  class space    used 5547K, committed 5696K, reserved 1048576K
}
Event: 5.870 GC heap after
{Heap after GC invocations=11 (full 0):
 garbage-first heap   total 65536K, used 29957K [0x0000000080000000, 0x0000000100000000)
  region size 1024K, 3 young (3072K), 3 survivors (3072K)
 Metaspace       used 42594K, committed 42944K, reserved 1089536K
  class space    used 5547K, committed 5696K, reserved 1048576K
}
Event: 6.101 GC heap before
{Heap before GC invocations=11 (full 0):
 garbage-first heap   total 65536K, used 49413K [0x0000000080000000, 0x0000000100000000)
  region size 1024K, 22 young (22528K), 3 survivors (3072K)
 Metaspace       used 43774K, committed 44096K, reserved 1089536K
  class space    used 5720K, committed 5824K, reserved 1048576K
}
Event: 6.103 GC heap after
{Heap after GC invocations=12 (full 0):
 garbage-first heap   total 65536K, used 32436K [0x0000000080000000, 0x0000000100000000)
  region size 1024K, 3 young (3072K), 3 survivors (3072K)
 Metaspace       used 43774K, committed 44096K, reserved 1089536K
  class space    used 5720K, committed 5824K, reserved 1048576K
}
Event: 6.298 GC heap before
{Heap before GC invocations=12 (full 0):
 garbage-first heap   total 65536K, used 48820K [0x0000000080000000, 0x0000000100000000)
  region size 1024K, 20 young (20480K), 3 survivors (3072K)
 Metaspace       used 46262K, committed 46592K, reserved 1089536K
  class space    used 6117K, committed 6272K, reserved 1048576K
}
Event: 6.299 GC heap after
{Heap after GC invocations=13 (full 0):
 garbage-first heap   total 65536K, used 33532K [0x0000000080000000, 0x0000000100000000)
  region size 1024K, 2 young (2048K), 2 survivors (2048K)
 Metaspace       used 46262K, committed 46592K, reserved 1089536K
  class space    used 6117K, committed 6272K, reserved 1048576K
}
Event: 6.457 GC heap before
{Heap before GC invocations=14 (full 0):
 garbage-first heap   total 65536K, used 50940K [0x0000000080000000, 0x0000000100000000)
  region size 1024K, 19 young (19456K), 2 survivors (2048K)
 Metaspace       used 48606K, committed 48960K, reserved 1097728K
  class space    used 6408K, committed 6592K, reserved 1048576K
}
Event: 6.459 GC heap after
{Heap after GC invocations=15 (full 0):
 garbage-first heap   total 65536K, used 34463K [0x0000000080000000, 0x0000000100000000)
  region size 1024K, 3 young (3072K), 3 survivors (3072K)
 Metaspace       used 48606K, committed 48960K, reserved 1097728K
  class space    used 6408K, committed 6592K, reserved 1048576K
}
Event: 6.647 GC heap before
{Heap before GC invocations=15 (full 0):
 garbage-first heap   total 65536K, used 51871K [0x0000000080000000, 0x0000000100000000)
  region size 1024K, 20 young (20480K), 3 survivors (3072K)
 Metaspace       used 50881K, committed 51264K, reserved 1097728K
  class space    used 6747K, committed 6912K, reserved 1048576K
}
Event: 6.649 GC heap after
{Heap after GC invocations=16 (full 0):
 garbage-first heap   total 65536K, used 35195K [0x0000000080000000, 0x0000000100000000)
  region size 1024K, 2 young (2048K), 2 survivors (2048K)
 Metaspace       used 50881K, committed 51264K, reserved 1097728K
  class space    used 6747K, committed 6912K, reserved 1048576K
}
Event: 7.004 GC heap before
{Heap before GC invocations=17 (full 0):
 garbage-first heap   total 65536K, used 51579K [0x0000000080000000, 0x0000000100000000)
  region size 1024K, 19 young (19456K), 2 survivors (2048K)
 Metaspace       used 54638K, committed 55104K, reserved 1097728K
  class space    used 7143K, committed 7360K, reserved 1048576K
}
Event: 7.006 GC heap after
{Heap after GC invocations=18 (full 0):
 garbage-first heap   total 65536K, used 37698K [0x0000000080000000, 0x0000000100000000)
  region size 1024K, 3 young (3072K), 3 survivors (3072K)
 Metaspace       used 54638K, committed 55104K, reserved 1097728K
  class space    used 7143K, committed 7360K, reserved 1048576K
}
Event: 7.697 GC heap before
{Heap before GC invocations=18 (full 0):
 garbage-first heap   total 65536K, used 52034K [0x0000000080000000, 0x0000000100000000)
  region size 1024K, 18 young (18432K), 3 survivors (3072K)
 Metaspace       used 58403K, committed 58816K, reserved 1105920K
  class space    used 7664K, committed 7872K, reserved 1048576K
}
Event: 7.699 GC heap after
{Heap after GC invocations=19 (full 0):
 garbage-first heap   total 65536K, used 39813K [0x0000000080000000, 0x0000000100000000)
  region size 1024K, 2 young (2048K), 2 survivors (2048K)
 Metaspace       used 58403K, committed 58816K, reserved 1105920K
  class space    used 7664K, committed 7872K, reserved 1048576K
}
Event: 7.860 GC heap before
{Heap before GC invocations=20 (full 0):
 garbage-first heap   total 68608K, used 52101K [0x0000000080000000, 0x0000000100000000)
  region size 1024K, 15 young (15360K), 2 survivors (2048K)
 Metaspace       used 58725K, committed 59136K, reserved 1105920K
  class space    used 7690K, committed 7872K, reserved 1048576K
}
Event: 7.862 GC heap after
{Heap after GC invocations=21 (full 0):
 garbage-first heap   total 296960K, used 41079K [0x0000000080000000, 0x0000000100000000)
  region size 1024K, 2 young (2048K), 2 survivors (2048K)
 Metaspace       used 58725K, committed 59136K, reserved 1105920K
  class space    used 7690K, committed 7872K, reserved 1048576K
}
Event: 8.126 GC heap before
{Heap before GC invocations=21 (full 0):
 garbage-first heap   total 296960K, used 56439K [0x0000000080000000, 0x0000000100000000)
  region size 1024K, 14 young (14336K), 2 survivors (2048K)
 Metaspace       used 59196K, committed 59648K, reserved 1105920K
  class space    used 7744K, committed 7936K, reserved 1048576K
}
Event: 8.127 GC heap after
{Heap after GC invocations=22 (full 0):
 garbage-first heap   total 296960K, used 47724K [0x0000000080000000, 0x0000000100000000)
  region size 1024K, 2 young (2048K), 2 survivors (2048K)
 Metaspace       used 59196K, committed 59648K, reserved 1105920K
  class space    used 7744K, committed 7936K, reserved 1048576K
}

