# JRE version: OpenJDK Runtime Environment (11.0.15) (build 11.0.15+0-b2043.56-9505619)
# Java VM: OpenJDK 64-Bit Server VM (11.0.15+0-b2043.56-9505619, mixed mode, tiered, compressed oops, g1 gc, windows-amd64)
Heap:
 garbage-first heap   total 630784K, used 68278K [0x0000000601000000, 0x0000000800000000)
  region size 2048K, 6 young (12288K), 1 survivors (2048K)
 Metaspace       used 55261K, capacity 55860K, committed 56140K, reserved 1099776K
  class space    used 6127K, capacity 6344K, committed 6476K, reserved 1048576K
GC Heap History (15 events):
Event: 0.348 GC heap before
{Heap before GC invocations=0 (full 0):
 garbage-first heap   total 524288K, used 26624K [0x0000000601000000, 0x0000000800000000)
  region size 2048K, 12 young (24576K), 0 survivors (0K)
 Metaspace       used 11769K, capacity 11858K, committed 12160K, reserved 1060864K
  class space    used 1043K, capacity 1077K, committed 1152K, reserved 1048576K
}
Event: 0.350 GC heap after
{Heap after GC invocations=1 (full 0):
 garbage-first heap   total 524288K, used 6951K [0x0000000601000000, 0x0000000800000000)
  region size 2048K, 2 young (4096K), 2 survivors (4096K)
 Metaspace       used 11769K, capacity 11858K, committed 12160K, reserved 1060864K
  class space    used 1043K, capacity 1077K, committed 1152K, reserved 1048576K
}
Event: 0.772 GC heap before
{Heap before GC invocations=1 (full 0):
 garbage-first heap   total 524288K, used 47911K [0x0000000601000000, 0x0000000800000000)
  region size 2048K, 23 young (47104K), 2 survivors (4096K)
 Metaspace       used 20960K, capacity 21150K, committed 21248K, reserved 1069056K
  class space    used 2183K, capacity 2267K, committed 2304K, reserved 1048576K
}
Event: 0.779 GC heap after
{Heap after GC invocations=2 (full 0):
 garbage-first heap   total 524288K, used 10896K [0x0000000601000000, 0x0000000800000000)
  region size 2048K, 4 young (8192K), 4 survivors (8192K)
 Metaspace       used 20960K, capacity 21150K, committed 21248K, reserved 1069056K
  class space    used 2183K, capacity 2267K, committed 2304K, reserved 1048576K
}
Event: 1.493 GC heap before
{Heap before GC invocations=3 (full 0):
 garbage-first heap   total 524288K, used 80528K [0x0000000601000000, 0x0000000800000000)
  region size 2048K, 35 young (71680K), 4 survivors (8192K)
 Metaspace       used 34823K, capacity 35250K, committed 35456K, reserved 1081344K
  class space    used 4226K, capacity 4404K, committed 4480K, reserved 1048576K
}
Event: 1.498 GC heap after
{Heap after GC invocations=4 (full 0):
 garbage-first heap   total 524288K, used 24390K [0x0000000601000000, 0x0000000800000000)
  region size 2048K, 5 young (10240K), 5 survivors (10240K)
 Metaspace       used 34823K, capacity 35250K, committed 35456K, reserved 1081344K
  class space    used 4226K, capacity 4404K, committed 4480K, reserved 1048576K
}
Event: 1.520 GC heap before
{Heap before GC invocations=4 (full 0):
 garbage-first heap   total 524288K, used 26438K [0x0000000601000000, 0x0000000800000000)
  region size 2048K, 7 young (14336K), 5 survivors (10240K)
 Metaspace       used 35383K, capacity 35762K, committed 35840K, reserved 1081344K
  class space    used 4300K, capacity 4468K, committed 4480K, reserved 1048576K
}
Event: 1.527 GC heap after
{Heap after GC invocations=5 (full 0):
 garbage-first heap   total 524288K, used 25374K [0x0000000601000000, 0x0000000800000000)
  region size 2048K, 4 young (8192K), 4 survivors (8192K)
 Metaspace       used 35383K, capacity 35762K, committed 35840K, reserved 1081344K
  class space    used 4300K, capacity 4468K, committed 4480K, reserved 1048576K
}
Event: 1.675 GC heap before
{Heap before GC invocations=6 (full 0):
 garbage-first heap   total 524288K, used 41758K [0x0000000601000000, 0x0000000800000000)
  region size 2048K, 12 young (24576K), 4 survivors (8192K)
 Metaspace       used 37859K, capacity 38293K, committed 38348K, reserved 1083392K
  class space    used 4592K, capacity 4798K, committed 4812K, reserved 1048576K
}
Event: 1.678 GC heap after
{Heap after GC invocations=7 (full 0):
 garbage-first heap   total 524288K, used 25328K [0x0000000601000000, 0x0000000800000000)
  region size 2048K, 2 young (4096K), 2 survivors (4096K)
 Metaspace       used 37859K, capacity 38293K, committed 38348K, reserved 1083392K
  class space    used 4592K, capacity 4798K, committed 4812K, reserved 1048576K
}
Event: 2.813 GC heap before
{Heap before GC invocations=7 (full 0):
 garbage-first heap   total 524288K, used 123632K [0x0000000601000000, 0x0000000800000000)
  region size 2048K, 49 young (100352K), 2 survivors (4096K)
 Metaspace       used 49918K, capacity 50450K, committed 50636K, reserved 1093632K
  class space    used 5755K, capacity 5961K, committed 6092K, reserved 1048576K
}
Event: 2.817 GC heap after
{Heap after GC invocations=8 (full 0):
 garbage-first heap   total 524288K, used 36289K [0x0000000601000000, 0x0000000800000000)
  region size 2048K, 6 young (12288K), 6 survivors (12288K)
 Metaspace       used 49918K, capacity 50450K, committed 50636K, reserved 1093632K
  class space    used 5755K, capacity 5961K, committed 6092K, reserved 1048576K
}
Event: 4.104 GC heap before
{Heap before GC invocations=8 (full 0):
 garbage-first heap   total 524288K, used 222657K [0x0000000601000000, 0x0000000800000000)
  region size 2048K, 97 young (198656K), 6 survivors (12288K)
 Metaspace       used 55238K, capacity 55796K, committed 56140K, reserved 1099776K
  class space    used 6126K, capacity 6344K, committed 6476K, reserved 1048576K
}
Event: 4.117 GC heap after
{Heap after GC invocations=9 (full 0):
 garbage-first heap   total 630784K, used 57641K [0x0000000601000000, 0x0000000800000000)
  region size 2048K, 13 young (26624K), 13 survivors (26624K)
 Metaspace       used 55238K, capacity 55796K, committed 56140K, reserved 1099776K
  class space    used 6126K, capacity 6344K, committed 6476K, reserved 1048576K
}
Event: 4.250 GC heap before
{Heap before GC invocations=9 (full 0):
 garbage-first heap   total 630784K, used 166185K [0x0000000601000000, 0x0000000800000000)
  region size 2048K, 66 young (135168K), 13 survivors (26624K)
 Metaspace       used 55239K, capacity 55796K, committed 56140K, reserved 1099776K
  class space    used 6126K, capacity 6344K, committed 6476K, reserved 1048576K
}

